Arguments: 
  C:\Program Files\nodejs\node.exe C:\Users\m_jav\scoop\apps\nodejs14\current\bin\node_modules\yarn\bin\yarn.js add express

PATH: 
  C:\Program Files\WindowsApps\Microsoft.PowerShell_7.3.1.0_x64__8wekyb3d8bbwe;C:\Python311\Scripts\;C:\Python311\;C:\Windows\system32;C:\Windows;C:\Windows\System32\Wbem;C:\Windows\System32\WindowsPowerShell\v1.0\;C:\Windows\System32\OpenSSH\;C:\Program Files\Git\cmd;C:\Program Files\Microsoft VS Code\bin;C:\Program Files\Docker\Docker\resources\bin;C:\Program Files\nodejs\;C:\ProgramData\chocolatey\bin;C:\Users\m_jav\scoop\apps\nodejs16\current;C:\Users\m_jav\scoop\apps\nodejs16\current\bin;C:\Users\m_jav\scoop\apps\nodejs18\current;C:\Users\m_jav\scoop\apps\nodejs18\current\bin;C:\Users\m_jav\scoop\apps\nodejs14\current;C:\Users\m_jav\scoop\apps\nodejs14\current\bin;C:\Users\m_jav\scoop\shims;C:\Users\m_jav\AppData\Local\Microsoft\WindowsApps;C:\Users\m_jav\AppData\Roaming\npm

Yarn version: 
  1.22.19

Node version: 
  18.12.1

Platform: 
  win32 x64

Trace: 
  Error: EPERM: operation not permitted, unlink 'G:\Programming\React\react-typescript-projects\prisma_test\node_modules\prisma\engines\d6e67a83f971b175a593ccc12e15c4a757f93ffe\query_engine-windows.dll.node'

npm manifest: 
  {
    "name": "prisma_test",
    "version": "1.0.0",
    "description": "",
    "main": "index.js",
    "scripts": {
      "test": "echo \"Error: no test specified\" && exit 1"
    },
    "keywords": [],
    "author": "",
    "license": "ISC",
    "devDependencies": {
      "@types/node": "^18.11.18",
      "prisma": "^4.8.0",
      "ts-node": "^10.9.1",
      "typescript": "^4.9.4"
    },
    "dependencies": {
      "@prisma/client": "^4.8.0"
    }
  }

yarn manifest: 
  No manifest

Lockfile: 
  No lockfile
